morphological_analysis_viewer/build/outputs/logs/manifest-merger-debug-report.txt
-- Merging decision tree log ---
manifest
ADDED from src\main\AndroidManifest.xml:2:1-16:12
INJECTED from src\main\AndroidManifest.xml:2:1-16:12
INJECTED from src\main\AndroidManifest.xml:2:1-16:12
INJECTED from src\main\AndroidManifest.xml:2:1-16:12
INJECTED from src\main\AndroidManifest.xml:2:1-16:12
INJECTED from src\main\AndroidManifest.xml:2:1-16:12
INJECTED from src\main\AndroidManifest.xml:2:1-16:12
	package
		ADDED from src\main\AndroidManifest.xml:2:70-95
		INJECTED from src\main\AndroidManifest.xml
		INJECTED from src\main\AndroidManifest.xml
	android:versionName
		INJECTED from src\main\AndroidManifest.xml
		ADDED from src\main\AndroidManifest.xml:2:1-16:12
		INJECTED from src\main\AndroidManifest.xml
	android:versionCode
		INJECTED from src\main\AndroidManifest.xml
		ADDED from src\main\AndroidManifest.xml:2:1-16:12
		INJECTED from src\main\AndroidManifest.xml
	xmlns:android
		ADDED from src\main\AndroidManifest.xml:2:11-69
	android:installLocation
		ADDED from src\main\AndroidManifest.xml:2:96-136
application
ADDED from src\main\AndroidManifest.xml:3:3-7:17
meta-data#unity.build-id
ADDED from src\main\AndroidManifest.xml:4:5-101
	android:value
		ADDED from src\main\AndroidManifest.xml:4:46-98
	android:name
		ADDED from src\main\AndroidManifest.xml:4:16-45
meta-data#unity.splash-mode
ADDED from src\main\AndroidManifest.xml:5:5-69
	android:value
		ADDED from src\main\AndroidManifest.xml:5:49-66
	android:name
		ADDED from src\main\AndroidManifest.xml:5:16-48
meta-data#unity.splash-enable
ADDED from src\main\AndroidManifest.xml:6:5-74
	android:value
		ADDED from src\main\AndroidManifest.xml:6:51-71
	android:name
		ADDED from src\main\AndroidManifest.xml:6:16-50
uses-feature#0x00020000
ADDED from src\main\AndroidManifest.xml:8:3-52
	android:glEsVersion
		ADDED from src\main\AndroidManifest.xml:8:17-49
uses-permission#android.permission.CAMERA
ADDED from src\main\AndroidManifest.xml:9:3-63
	android:name
		ADDED from src\main\AndroidManifest.xml:9:20-60
uses-feature#android.hardware.camera
ADDED from src\main\AndroidManifest.xml:10:3-83
	android:required
		ADDED from src\main\AndroidManifest.xml:10:56-80
	android:name
		ADDED from src\main\AndroidManifest.xml:10:17-55
uses-feature#android.hardware.camera.autofocus
ADDED from src\main\AndroidManifest.xml:11:3-93
	android:required
		ADDED from src\main\AndroidManifest.xml:11:66-90
	android:name
		ADDED from src\main\AndroidManifest.xml:11:17-65
uses-feature#android.hardware.camera.front
ADDED from src\main\AndroidManifest.xml:12:3-89
	android:required
		ADDED from src\main\AndroidManifest.xml:12:62-86
	android:name
		ADDED from src\main\AndroidManifest.xml:12:17-61
uses-feature#android.hardware.touchscreen
ADDED from src\main\AndroidManifest.xml:13:3-88
	android:required
		ADDED from src\main\AndroidManifest.xml:13:61-85
	android:name
		ADDED from src\main\AndroidManifest.xml:13:17-60
uses-feature#android.hardware.touchscreen.multitouch
ADDED from src\main\AndroidManifest.xml:14:3-99
	android:required
		ADDED from src\main\AndroidManifest.xml:14:72-96
	android:name
		ADDED from src\main\AndroidManifest.xml:14:17-71
uses-feature#android.hardware.touchscreen.multitouch.distinct
ADDED from src\main\AndroidManifest.xml:15:3-108
	android:required
		ADDED from src\main\AndroidManifest.xml:15:81-105
	android:name
		ADDED from src\main\AndroidManifest.xml:15:17-80
uses-sdk
INJECTED from src\main\AndroidManifest.xml reason: use-sdk injection requested
INJECTED from src\main\AndroidManifest.xml
INJECTED from src\main\AndroidManifest.xml
INJECTED from src\main\AndroidManifest.xml
INJECTED from src\main\AndroidManifest.xml
	android:targetSdkVersion
		INJECTED from src\main\AndroidManifest.xml
		ADDED from src\main\AndroidManifest.xml
		INJECTED from src\main\AndroidManifest.xml
	android:minSdkVersion
		INJECTED from src\main\AndroidManifest.xml
		ADDED from src\main\AndroidManifest.xml
		INJECTED from src\main\AndroidManifest.xml